17.54 [LOG] Action drag is in universe All
17.54 [LOG] Action delete is in universe All
17.54 [LOG] Action activateDirect is in universe Game
17.54 [LOG] Action slowmo is in universe Game
17.54 [LOG] Action toggleLimbStatus is in universe Game
17.54 [LOG] Action time is in universe Game
17.54 [LOG] Action tool1 is in universe Game
17.54 [LOG] Action tool2 is in universe Game
17.54 [LOG] Action tool3 is in universe Game
17.54 [LOG] Action tool4 is in universe Game
17.54 [LOG] Action tool5 is in universe Game
17.54 [LOG] Action tool6 is in universe Game
17.54 [LOG] Action tool7 is in universe Game
17.54 [LOG] Action tool8 is in universe Game
17.54 [LOG] Action tool9 is in universe Game
17.54 [LOG] Action spawnLeft is in universe Game
17.54 [LOG] Action spawnRight is in universe Game
17.54 [LOG] Action left is in universe All
17.54 [LOG] Action right is in universe All
17.54 [LOG] Action fast is in universe All
17.54 [LOG] Action undo is in universe All
17.54 [LOG] Action snap is in universe All
17.54 [LOG] Action snapToCenter is in universe Game
17.54 [LOG] Action copy is in universe All
17.54 [LOG] Action paste is in universe All
17.54 [LOG] Action context is in universe All
17.54 [LOG] Action igniteSelection is in universe Game
17.54 [LOG] Action freezeSelection is in universe Game
17.54 [LOG] Action resizeSelection is in universe Game
17.54 [LOG] Action toggleThermalVision is in universe Game
17.54 [LOG] Action eyedrop is in universe All
17.54 [LOG] Action pause is in universe All
17.54 [LOG] Action toybox is in universe All
17.54 [LOG] Action toolPowerToggle is in universe Game
17.54 [LOG] Action toggleHoveringHighlights is in universe Game
17.54 [LOG] Action pan is in universe All
17.54 [LOG] Action panRight is in universe All
17.54 [LOG] Action panLeft is in universe All
17.54 [LOG] Action panUp is in universe All
17.54 [LOG] Action panDown is in universe All
17.54 [LOG] Action zoomIn is in universe All
17.54 [LOG] Action zoomOut is in universe All
17.54 [EXCEPTION] UnassignedReferenceException: The variable SaturationValueBox of ColorpickerDialogBehaviour has not been assigned.
You probably need to assign the SaturationValueBox variable of the ColorpickerDialogBehaviour script in the inspector.
	UnityEngine.Component.GetComponent[T] () (at /Users/bokken/buildslave/unity/build/Runtime/Export/Scripting/Component.bindings.cs:42)
ColorpickerDialogBehaviour.Awake () (at Assets/Scripts/ColorpickerDialogBehaviour.cs:96)


17.54 [ERROR] Destroying assets is not permitted to avoid data loss.
If you really want to remove an asset use DestroyImmediate (theObject, true);
	UnityEngine.Object:Destroy (UnityEngine.Object)
LightRenderCameraBehaviour:ResetRT () (at Assets/Scripts/LightRenderCameraBehaviour.cs:25)
LightRenderCameraBehaviour:Start () (at Assets/Scripts/LightRenderCameraBehaviour.cs:17)


17.54 [LOG] New light overlay texture created: True, 1920x1080
17.54 [EXCEPTION] NullReferenceException: Object reference not set to an instance of an object
	LightRenderCameraBehaviour.ResetRT () (at Assets/Scripts/LightRenderCameraBehaviour.cs:29)
LightRenderCameraBehaviour.Start () (at Assets/Scripts/LightRenderCameraBehaviour.cs:17)


17.54 [WARNING] Exposed name does not exist: master
	UnityEngine.StackTraceUtility:ExtractStackTrace ()
MixerControllerBehaviour:Sync () (at Assets/Scripts/MixerControllerBehaviour.cs:29)
MixerControllerBehaviour:Start () (at Assets/Scripts/MixerControllerBehaviour.cs:38)


17.54 [WARNING] Exposed name does not exist: sfx
	UnityEngine.StackTraceUtility:ExtractStackTrace ()
MixerControllerBehaviour:Sync () (at Assets/Scripts/MixerControllerBehaviour.cs:30)
MixerControllerBehaviour:Start () (at Assets/Scripts/MixerControllerBehaviour.cs:38)


17.54 [WARNING] Exposed name does not exist: userInterface
	UnityEngine.StackTraceUtility:ExtractStackTrace ()
MixerControllerBehaviour:Sync () (at Assets/Scripts/MixerControllerBehaviour.cs:31)
MixerControllerBehaviour:Start () (at Assets/Scripts/MixerControllerBehaviour.cs:38)


17.54 [WARNING] Exposed name does not exist: ambience
	UnityEngine.StackTraceUtility:ExtractStackTrace ()
MixerControllerBehaviour:Sync () (at Assets/Scripts/MixerControllerBehaviour.cs:32)
MixerControllerBehaviour:Start () (at Assets/Scripts/MixerControllerBehaviour.cs:38)


17.54 [WARNING] Exposed name does not exist: cracking_threshold
	UnityEngine.StackTraceUtility:ExtractStackTrace ()
MixerControllerBehaviour:Sync () (at Assets/Scripts/MixerControllerBehaviour.cs:33)
MixerControllerBehaviour:Start () (at Assets/Scripts/MixerControllerBehaviour.cs:38)


17.54 [LOG] {
  "CollisionQuality": 0,
  "StopAnimationOnDamage": false,
  "DropOnDeath": true,
  "ShakeIntensity": 1.0,
  "ShowOutlines": true,
  "SlowMotionSpeed": 20.0,
  "AmbientTemperatureTransfer": false,
  "PhysicsIterations": 16,
  "ShowModLoadingFreeze": true,
  "RejectShadyCode": true,
  "MaxModCompilationTime": 30,
  "GorelessMode": false,
  "LimbCrushing": true,
  "LimbOverflowExplosion": false,
  "GoreMode": 0,
  "AutoHealWounds": true,
  "ChunkyShotParticles": true,
  "DismembermentLooseTissue": true,
  "CrushForceMultiplier": 1.0,
  "BloomMode": 2,
  "TracerBullets": false,
  "FancyEffects": true,
  "Decals": true,
  "Lighting": true,
  "MasterVolume": 1.0,
  "SfxVolume": 1.0,
  "UserInterfaceVolume": 1.0,
  "AmbienceVolume": 1.0,
  "AmbienceHighpassCutoff": 90.0,
  "ClampVolume": true,
  "DistantSoundEffects": true,
  "LogDebugMessages": false,
  "ShowFramerate": false,
  "ZoomSensitivity": 1.0,
  "ThermalVisionUpdateRate": 25,
  "DeleteWireByContextMenu": true,
  "TemperatureUnit": 0,
  "VSync": false,
  "SMAA": false,
  "TonemappingMode": 0,
  "Brightness": 100.0,
  "RenderScale": 1.0,
  "FramerateLimit": 144,
  "SimplifiedBackground": false,
  "WindowMode": 1,
  "Resolution": null,
  "ShowTutorial": false,
  "ToyboxSizeOffset": 483.6
}
17.54 [WARNING] Exposed name does not exist: master
	UnityEngine.StackTraceUtility:ExtractStackTrace ()
MixerControllerBehaviour:Sync () (at Assets/Scripts/MixerControllerBehaviour.cs:29)
Global:SetPausedMenu (bool,string) (at Assets/Scripts/Global.cs:237)
Global:Start () (at Assets/Scripts/Global.cs:350)


17.54 [WARNING] Exposed name does not exist: sfx
	UnityEngine.StackTraceUtility:ExtractStackTrace ()
MixerControllerBehaviour:Sync () (at Assets/Scripts/MixerControllerBehaviour.cs:30)
Global:SetPausedMenu (bool,string) (at Assets/Scripts/Global.cs:237)
Global:Start () (at Assets/Scripts/Global.cs:350)


17.54 [WARNING] Exposed name does not exist: userInterface
	UnityEngine.StackTraceUtility:ExtractStackTrace ()
MixerControllerBehaviour:Sync () (at Assets/Scripts/MixerControllerBehaviour.cs:31)
Global:SetPausedMenu (bool,string) (at Assets/Scripts/Global.cs:237)
Global:Start () (at Assets/Scripts/Global.cs:350)


17.54 [WARNING] Exposed name does not exist: ambience
	UnityEngine.StackTraceUtility:ExtractStackTrace ()
MixerControllerBehaviour:Sync () (at Assets/Scripts/MixerControllerBehaviour.cs:32)
Global:SetPausedMenu (bool,string) (at Assets/Scripts/Global.cs:237)
Global:Start () (at Assets/Scripts/Global.cs:350)


17.54 [WARNING] Exposed name does not exist: cracking_threshold
	UnityEngine.StackTraceUtility:ExtractStackTrace ()
MixerControllerBehaviour:Sync () (at Assets/Scripts/MixerControllerBehaviour.cs:33)
Global:SetPausedMenu (bool,string) (at Assets/Scripts/Global.cs:237)
Global:Start () (at Assets/Scripts/Global.cs:350)


17.54 [WARNING] The referenced script (Unknown) on this Behaviour is missing!
	UnityEngine.Object:Instantiate<UnityEngine.GameObject> (UnityEngine.GameObject,UnityEngine.Transform)
MapConfig:PrepareWeatherInstance (UnityEngine.GameObject) (at Assets/Scripts/MapConfig.cs:155)
MapConfig:Reinitialise () (at Assets/Scripts/MapConfig.cs:106)
MapConfig:Start () (at Assets/Scripts/MapConfig.cs:139)


17.54 [WARNING] The referenced script on this Behaviour (Game Object 'post') is missing!
	UnityEngine.Object:Instantiate<UnityEngine.GameObject> (UnityEngine.GameObject,UnityEngine.Transform)
MapConfig:PrepareWeatherInstance (UnityEngine.GameObject) (at Assets/Scripts/MapConfig.cs:155)
MapConfig:Reinitialise () (at Assets/Scripts/MapConfig.cs:106)
MapConfig:Start () (at Assets/Scripts/MapConfig.cs:139)


17.54 [WARNING] The referenced script on this Behaviour (Game Object 'post') is missing!
	UnityEngine.Object:Instantiate<UnityEngine.GameObject> (UnityEngine.GameObject,UnityEngine.Transform)
MapConfig:PrepareWeatherInstance (UnityEngine.GameObject) (at Assets/Scripts/MapConfig.cs:155)
MapConfig:Reinitialise () (at Assets/Scripts/MapConfig.cs:106)
MapConfig:Start () (at Assets/Scripts/MapConfig.cs:139)


17.54 [EXCEPTION] NullReferenceException: Object reference not set to an instance of an object
	MapConfig.ApplySettings (EnvironmentalSettings settings) (at Assets/Scripts/MapConfig.cs:186)
MapConfig.Reinitialise () (at Assets/Scripts/MapConfig.cs:132)
MapConfig.Start () (at Assets/Scripts/MapConfig.cs:139)


31.74 [WARNING] Attempt to call SteamWorks API before initialisation
	UnityEngine.Debug:LogWarning (object)
StatManager:SteamManagerCheck () (at Assets/Scripts/StatManager.cs:76)
StatManager:IncrementInteger (StatManager/Stat,int) (at Assets/Scripts/StatManager.cs:111)
CatalogBehaviour:Spawn (SpawnableAsset,bool) (at Assets/Scripts/CatalogBehaviour.cs:430)
CatalogBehaviour:Update () (at Assets/Scripts/CatalogBehaviour.cs:378)


31.89 [WARNING] Attempt to call SteamWorks API before initialisation
	UnityEngine.Debug:LogWarning (object)
StatManager:SteamManagerCheck () (at Assets/Scripts/StatManager.cs:76)
StatManager:GetFloat (StatManager/Stat) (at Assets/Scripts/StatManager.cs:169)
PersonBehaviour:Update () (at Assets/Scripts/PersonBehaviour.cs:325)


31.89 [ERROR] Shader error in 'Jaap/BodyShader': undeclared identifier 'floatBitsToUint' at line 223 (on metal)

Compiling Fragment program with DUMMY
Platform defines: UNITY_ENABLE_REFLECTION_BUFFERS UNITY_USE_DITHER_MASK_FOR_ALPHABLENDED_SHADOWS UNITY_PBS_USE_BRDF1 UNITY_SPECCUBE_BOX_PROJECTION UNITY_SPECCUBE_BLENDING UNITY_ENABLE_DETAIL_NORMALMAP SHADER_API_DESKTOP UNITY_COLORSPACE_GAMMA UNITY_LIGHT_PROBE_PROXY_VOLUME UNITY_LIGHTMAP_FULL_HDR
Disabled keywords: UNITY_NO_DXT5nm UNITY_ENABLE_NATIVE_SHADOW_LOOKUPS UNITY_METAL_SHADOWS_USE_POINT_FILTERING UNITY_NO_SCREENSPACE_SHADOWS UNITY_PBS_USE_BRDF2 UNITY_PBS_USE_BRDF3 UNITY_NO_FULL_STANDARD_SHADER UNITY_HARDWARE_TIER1 UNITY_HARDWARE_TIER2 UNITY_HARDWARE_TIER3 UNITY_HALF_PRECISION_FRAGMENT_SHADER_REGISTERS UNITY_LIGHTMAP_DLDR_ENCODING UNITY_LIGHTMAP_RGBM_ENCODING UNITY_VIRTUAL_TEXTURING UNITY_PRETRANSFORM_TO_DISPLAY_ORIENTATION UNITY_ASTC_NORMALMAP_ENCODING SHADER_API_GLES30
31.94 [WARNING] Attempt to call SteamWorks API before initialisation
	UnityEngine.Debug:LogWarning (object)
StatManager:SteamManagerCheck () (at Assets/Scripts/StatManager.cs:76)
StatManager:GetFloat (StatManager/Stat) (at Assets/Scripts/StatManager.cs:169)
PersonBehaviour:Update () (at Assets/Scripts/PersonBehaviour.cs:325)


31.96 [WARNING] Attempt to call SteamWorks API before initialisation
	UnityEngine.Debug:LogWarning (object)
StatManager:SteamManagerCheck () (at Assets/Scripts/StatManager.cs:76)
StatManager:GetFloat (StatManager/Stat) (at Assets/Scripts/StatManager.cs:169)
PersonBehaviour:Update () (at Assets/Scripts/PersonBehaviour.cs:325)


32.02 [WARNING] Attempt to call SteamWorks API before initialisation
	UnityEngine.Debug:LogWarning (object)
StatManager:SteamManagerCheck () (at Assets/Scripts/StatManager.cs:76)
StatManager:GetFloat (StatManager/Stat) (at Assets/Scripts/StatManager.cs:169)
PersonBehaviour:Update () (at Assets/Scripts/PersonBehaviour.cs:325)


32.03 [WARNING] Attempt to call SteamWorks API before initialisation
	UnityEngine.Debug:LogWarning (object)
StatManager:SteamManagerCheck () (at Assets/Scripts/StatManager.cs:76)
StatManager:GetFloat (StatManager/Stat) (at Assets/Scripts/StatManager.cs:169)
PersonBehaviour:Update () (at Assets/Scripts/PersonBehaviour.cs:325)


32.05 [WARNING] Attempt to call SteamWorks API before initialisation
	UnityEngine.Debug:LogWarning (object)
StatManager:SteamManagerCheck () (at Assets/Scripts/StatManager.cs:76)
StatManager:GetFloat (StatManager/Stat) (at Assets/Scripts/StatManager.cs:169)
PersonBehaviour:Update () (at Assets/Scripts/PersonBehaviour.cs:325)


32.06 [WARNING] Attempt to call SteamWorks API before initialisation
	UnityEngine.Debug:LogWarning (object)
StatManager:SteamManagerCheck () (at Assets/Scripts/StatManager.cs:76)
StatManager:GetFloat (StatManager/Stat) (at Assets/Scripts/StatManager.cs:169)
PersonBehaviour:Update () (at Assets/Scripts/PersonBehaviour.cs:325)


32.08 [WARNING] Attempt to call SteamWorks API before initialisation
	UnityEngine.Debug:LogWarning (object)
StatManager:SteamManagerCheck () (at Assets/Scripts/StatManager.cs:76)
StatManager:GetFloat (StatManager/Stat) (at Assets/Scripts/StatManager.cs:169)
PersonBehaviour:Update () (at Assets/Scripts/PersonBehaviour.cs:325)


32.09 [WARNING] Attempt to call SteamWorks API before initialisation
	UnityEngine.Debug:LogWarning (object)
StatManager:SteamManagerCheck () (at Assets/Scripts/StatManager.cs:76)
StatManager:GetFloat (StatManager/Stat) (at Assets/Scripts/StatManager.cs:169)
PersonBehaviour:Update () (at Assets/Scripts/PersonBehaviour.cs:325)


32.11 [WARNING] Attempt to call SteamWorks API before initialisation
	UnityEngine.Debug:LogWarning (object)
StatManager:SteamManagerCheck () (at Assets/Scripts/StatManager.cs:76)
StatManager:GetFloat (StatManager/Stat) (at Assets/Scripts/StatManager.cs:169)
PersonBehaviour:Update () (at Assets/Scripts/PersonBehaviour.cs:325)


32.12 [WARNING] Attempt to call SteamWorks API before initialisation
	UnityEngine.Debug:LogWarning (object)
StatManager:SteamManagerCheck () (at Assets/Scripts/StatManager.cs:76)
StatManager:GetFloat (StatManager/Stat) (at Assets/Scripts/StatManager.cs:169)
PersonBehaviour:Update () (at Assets/Scripts/PersonBehaviour.cs:325)


32.13 [WARNING] Attempt to call SteamWorks API before initialisation
	UnityEngine.Debug:LogWarning (object)
StatManager:SteamManagerCheck () (at Assets/Scripts/StatManager.cs:76)
StatManager:GetFloat (StatManager/Stat) (at Assets/Scripts/StatManager.cs:169)
PersonBehaviour:Update () (at Assets/Scripts/PersonBehaviour.cs:325)


32.14 [WARNING] Attempt to call SteamWorks API before initialisation
	UnityEngine.Debug:LogWarning (object)
StatManager:SteamManagerCheck () (at Assets/Scripts/StatManager.cs:76)
StatManager:GetFloat (StatManager/Stat) (at Assets/Scripts/StatManager.cs:169)
PersonBehaviour:Update () (at Assets/Scripts/PersonBehaviour.cs:325)


32.16 [WARNING] Attempt to call SteamWorks API before initialisation
	UnityEngine.Debug:LogWarning (object)
StatManager:SteamManagerCheck () (at Assets/Scripts/StatManager.cs:76)
StatManager:GetFloat (StatManager/Stat) (at Assets/Scripts/StatManager.cs:169)
PersonBehaviour:Update () (at Assets/Scripts/PersonBehaviour.cs:325)


32.17 [WARNING] Attempt to call SteamWorks API before initialisation
	UnityEngine.Debug:LogWarning (object)
StatManager:SteamManagerCheck () (at Assets/Scripts/StatManager.cs:76)
StatManager:GetFloat (StatManager/Stat) (at Assets/Scripts/StatManager.cs:169)
PersonBehaviour:Update () (at Assets/Scripts/PersonBehaviour.cs:325)


32.18 [WARNING] Attempt to call SteamWorks API before initialisation
	UnityEngine.Debug:LogWarning (object)
StatManager:SteamManagerCheck () (at Assets/Scripts/StatManager.cs:76)
StatManager:GetFloat (StatManager/Stat) (at Assets/Scripts/StatManager.cs:169)
PersonBehaviour:Update () (at Assets/Scripts/PersonBehaviour.cs:325)


32.19 [WARNING] Attempt to call SteamWorks API before initialisation
	UnityEngine.Debug:LogWarning (object)
StatManager:SteamManagerCheck () (at Assets/Scripts/StatManager.cs:76)
StatManager:GetFloat (StatManager/Stat) (at Assets/Scripts/StatManager.cs:169)
PersonBehaviour:Update () (at Assets/Scripts/PersonBehaviour.cs:325)


32.2 [WARNING] Attempt to call SteamWorks API before initialisation
	UnityEngine.Debug:LogWarning (object)
StatManager:SteamManagerCheck () (at Assets/Scripts/StatManager.cs:76)
StatManager:GetFloat (StatManager/Stat) (at Assets/Scripts/StatManager.cs:169)
PersonBehaviour:Update () (at Assets/Scripts/PersonBehaviour.cs:325)


32.22 [WARNING] Attempt to call SteamWorks API before initialisation
	UnityEngine.Debug:LogWarning (object)
StatManager:SteamManagerCheck () (at Assets/Scripts/StatManager.cs:76)
StatManager:GetFloat (StatManager/Stat) (at Assets/Scripts/StatManager.cs:169)
PersonBehaviour:Update () (at Assets/Scripts/PersonBehaviour.cs:325)


32.24 [WARNING] Attempt to call SteamWorks API before initialisation
	UnityEngine.Debug:LogWarning (object)
StatManager:SteamManagerCheck () (at Assets/Scripts/StatManager.cs:76)
StatManager:GetFloat (StatManager/Stat) (at Assets/Scripts/StatManager.cs:169)
PersonBehaviour:Update () (at Assets/Scripts/PersonBehaviour.cs:325)


32.25 [WARNING] Attempt to call SteamWorks API before initialisation
	UnityEngine.Debug:LogWarning (object)
StatManager:SteamManagerCheck () (at Assets/Scripts/StatManager.cs:76)
StatManager:GetFloat (StatManager/Stat) (at Assets/Scripts/StatManager.cs:169)
PersonBehaviour:Update () (at Assets/Scripts/PersonBehaviour.cs:325)


32.26 [WARNING] Attempt to call SteamWorks API before initialisation
	UnityEngine.Debug:LogWarning (object)
StatManager:SteamManagerCheck () (at Assets/Scripts/StatManager.cs:76)
StatManager:GetFloat (StatManager/Stat) (at Assets/Scripts/StatManager.cs:169)
PersonBehaviour:Update () (at Assets/Scripts/PersonBehaviour.cs:325)


32.27 [WARNING] Attempt to call SteamWorks API before initialisation
	UnityEngine.Debug:LogWarning (object)
StatManager:SteamManagerCheck () (at Assets/Scripts/StatManager.cs:76)
StatManager:GetFloat (StatManager/Stat) (at Assets/Scripts/StatManager.cs:169)
PersonBehaviour:Update () (at Assets/Scripts/PersonBehaviour.cs:325)


32.28 [WARNING] Attempt to call SteamWorks API before initialisation
	UnityEngine.Debug:LogWarning (object)
StatManager:SteamManagerCheck () (at Assets/Scripts/StatManager.cs:76)
StatManager:GetFloat (StatManager/Stat) (at Assets/Scripts/StatManager.cs:169)
PersonBehaviour:Update () (at Assets/Scripts/PersonBehaviour.cs:325)


32.29 [WARNING] Attempt to call SteamWorks API before initialisation
	UnityEngine.Debug:LogWarning (object)
StatManager:SteamManagerCheck () (at Assets/Scripts/StatManager.cs:76)
StatManager:GetFloat (StatManager/Stat) (at Assets/Scripts/StatManager.cs:169)
PersonBehaviour:Update () (at Assets/Scripts/PersonBehaviour.cs:325)


32.31 [WARNING] Attempt to call SteamWorks API before initialisation
	UnityEngine.Debug:LogWarning (object)
StatManager:SteamManagerCheck () (at Assets/Scripts/StatManager.cs:76)
StatManager:GetFloat (StatManager/Stat) (at Assets/Scripts/StatManager.cs:169)
PersonBehaviour:Update () (at Assets/Scripts/PersonBehaviour.cs:325)


32.32 [WARNING] Attempt to call SteamWorks API before initialisation
	UnityEngine.Debug:LogWarning (object)
StatManager:SteamManagerCheck () (at Assets/Scripts/StatManager.cs:76)
StatManager:GetFloat (StatManager/Stat) (at Assets/Scripts/StatManager.cs:169)
PersonBehaviour:Update () (at Assets/Scripts/PersonBehaviour.cs:325)


32.33 [WARNING] Attempt to call SteamWorks API before initialisation
	UnityEngine.Debug:LogWarning (object)
StatManager:SteamManagerCheck () (at Assets/Scripts/StatManager.cs:76)
StatManager:GetFloat (StatManager/Stat) (at Assets/Scripts/StatManager.cs:169)
PersonBehaviour:Update () (at Assets/Scripts/PersonBehaviour.cs:325)


32.34 [WARNING] Attempt to call SteamWorks API before initialisation
	UnityEngine.Debug:LogWarning (object)
StatManager:SteamManagerCheck () (at Assets/Scripts/StatManager.cs:76)
StatManager:GetFloat (StatManager/Stat) (at Assets/Scripts/StatManager.cs:169)
PersonBehaviour:Update () (at Assets/Scripts/PersonBehaviour.cs:325)


32.36 [WARNING] Attempt to call SteamWorks API before initialisation
	UnityEngine.Debug:LogWarning (object)
StatManager:SteamManagerCheck () (at Assets/Scripts/StatManager.cs:76)
StatManager:GetFloat (StatManager/Stat) (at Assets/Scripts/StatManager.cs:169)
PersonBehaviour:Update () (at Assets/Scripts/PersonBehaviour.cs:325)


32.37 [WARNING] Attempt to call SteamWorks API before initialisation
	UnityEngine.Debug:LogWarning (object)
StatManager:SteamManagerCheck () (at Assets/Scripts/StatManager.cs:76)
StatManager:GetFloat (StatManager/Stat) (at Assets/Scripts/StatManager.cs:169)
PersonBehaviour:Update () (at Assets/Scripts/PersonBehaviour.cs:325)


32.38 [WARNING] Attempt to call SteamWorks API before initialisation
	UnityEngine.Debug:LogWarning (object)
StatManager:SteamManagerCheck () (at Assets/Scripts/StatManager.cs:76)
StatManager:GetFloat (StatManager/Stat) (at Assets/Scripts/StatManager.cs:169)
PersonBehaviour:Update () (at Assets/Scripts/PersonBehaviour.cs:325)


32.39 [WARNING] Attempt to call SteamWorks API before initialisation
	UnityEngine.Debug:LogWarning (object)
StatManager:SteamManagerCheck () (at Assets/Scripts/StatManager.cs:76)
StatManager:GetFloat (StatManager/Stat) (at Assets/Scripts/StatManager.cs:169)
PersonBehaviour:Update () (at Assets/Scripts/PersonBehaviour.cs:325)


32.4 [WARNING] Attempt to call SteamWorks API before initialisation
	UnityEngine.Debug:LogWarning (object)
StatManager:SteamManagerCheck () (at Assets/Scripts/StatManager.cs:76)
StatManager:GetFloat (StatManager/Stat) (at Assets/Scripts/StatManager.cs:169)
PersonBehaviour:Update () (at Assets/Scripts/PersonBehaviour.cs:325)


32.42 [WARNING] Attempt to call SteamWorks API before initialisation
	UnityEngine.Debug:LogWarning (object)
StatManager:SteamManagerCheck () (at Assets/Scripts/StatManager.cs:76)
StatManager:GetFloat (StatManager/Stat) (at Assets/Scripts/StatManager.cs:169)
PersonBehaviour:Update () (at Assets/Scripts/PersonBehaviour.cs:325)


32.43 [WARNING] Attempt to call SteamWorks API before initialisation
	UnityEngine.Debug:LogWarning (object)
StatManager:SteamManagerCheck () (at Assets/Scripts/StatManager.cs:76)
StatManager:GetFloat (StatManager/Stat) (at Assets/Scripts/StatManager.cs:169)
PersonBehaviour:Update () (at Assets/Scripts/PersonBehaviour.cs:325)


32.44 [WARNING] Attempt to call SteamWorks API before initialisation
	UnityEngine.Debug:LogWarning (object)
StatManager:SteamManagerCheck () (at Assets/Scripts/StatManager.cs:76)
StatManager:GetFloat (StatManager/Stat) (at Assets/Scripts/StatManager.cs:169)
PersonBehaviour:Update () (at Assets/Scripts/PersonBehaviour.cs:325)


32.46 [WARNING] Attempt to call SteamWorks API before initialisation
	UnityEngine.Debug:LogWarning (object)
StatManager:SteamManagerCheck () (at Assets/Scripts/StatManager.cs:76)
StatManager:GetFloat (StatManager/Stat) (at Assets/Scripts/StatManager.cs:169)
PersonBehaviour:Update () (at Assets/Scripts/PersonBehaviour.cs:325)


32.47 [WARNING] Attempt to call SteamWorks API before initialisation
	UnityEngine.Debug:LogWarning (object)
StatManager:SteamManagerCheck () (at Assets/Scripts/StatManager.cs:76)
StatManager:GetFloat (StatManager/Stat) (at Assets/Scripts/StatManager.cs:169)
PersonBehaviour:Update () (at Assets/Scripts/PersonBehaviour.cs:325)


32.48 [WARNING] Attempt to call SteamWorks API before initialisation
	UnityEngine.Debug:LogWarning (object)
StatManager:SteamManagerCheck () (at Assets/Scripts/StatManager.cs:76)
StatManager:GetFloat (StatManager/Stat) (at Assets/Scripts/StatManager.cs:169)
PersonBehaviour:Update () (at Assets/Scripts/PersonBehaviour.cs:325)


32.49 [WARNING] Attempt to call SteamWorks API before initialisation
	UnityEngine.Debug:LogWarning (object)
StatManager:SteamManagerCheck () (at Assets/Scripts/StatManager.cs:76)
StatManager:GetFloat (StatManager/Stat) (at Assets/Scripts/StatManager.cs:169)
PersonBehaviour:Update () (at Assets/Scripts/PersonBehaviour.cs:325)


32.5 [WARNING] Attempt to call SteamWorks API before initialisation
	UnityEngine.Debug:LogWarning (object)
StatManager:SteamManagerCheck () (at Assets/Scripts/StatManager.cs:76)
StatManager:GetFloat (StatManager/Stat) (at Assets/Scripts/StatManager.cs:169)
PersonBehaviour:Update () (at Assets/Scripts/PersonBehaviour.cs:325)


32.51 [WARNING] Attempt to call SteamWorks API before initialisation
	UnityEngine.Debug:LogWarning (object)
StatManager:SteamManagerCheck () (at Assets/Scripts/StatManager.cs:76)
StatManager:GetFloat (StatManager/Stat) (at Assets/Scripts/StatManager.cs:169)
PersonBehaviour:Update () (at Assets/Scripts/PersonBehaviour.cs:325)


32.53 [WARNING] Attempt to call SteamWorks API before initialisation
	UnityEngine.Debug:LogWarning (object)
StatManager:SteamManagerCheck () (at Assets/Scripts/StatManager.cs:76)
StatManager:GetFloat (StatManager/Stat) (at Assets/Scripts/StatManager.cs:169)
PersonBehaviour:Update () (at Assets/Scripts/PersonBehaviour.cs:325)


32.54 [WARNING] Attempt to call SteamWorks API before initialisation
	UnityEngine.Debug:LogWarning (object)
StatManager:SteamManagerCheck () (at Assets/Scripts/StatManager.cs:76)
StatManager:GetFloat (StatManager/Stat) (at Assets/Scripts/StatManager.cs:169)
PersonBehaviour:Update () (at Assets/Scripts/PersonBehaviour.cs:325)


32.55 [WARNING] Attempt to call SteamWorks API before initialisation
	UnityEngine.Debug:LogWarning (object)
StatManager:SteamManagerCheck () (at Assets/Scripts/StatManager.cs:76)
StatManager:GetFloat (StatManager/Stat) (at Assets/Scripts/StatManager.cs:169)
PersonBehaviour:Update () (at Assets/Scripts/PersonBehaviour.cs:325)


32.56 [WARNING] Attempt to call SteamWorks API before initialisation
	UnityEngine.Debug:LogWarning (object)
StatManager:SteamManagerCheck () (at Assets/Scripts/StatManager.cs:76)
StatManager:GetFloat (StatManager/Stat) (at Assets/Scripts/StatManager.cs:169)
PersonBehaviour:Update () (at Assets/Scripts/PersonBehaviour.cs:325)


32.57 [WARNING] Attempt to call SteamWorks API before initialisation
	UnityEngine.Debug:LogWarning (object)
StatManager:SteamManagerCheck () (at Assets/Scripts/StatManager.cs:76)
StatManager:GetFloat (StatManager/Stat) (at Assets/Scripts/StatManager.cs:169)
PersonBehaviour:Update () (at Assets/Scripts/PersonBehaviour.cs:325)


32.58 [WARNING] Attempt to call SteamWorks API before initialisation
	UnityEngine.Debug:LogWarning (object)
StatManager:SteamManagerCheck () (at Assets/Scripts/StatManager.cs:76)
StatManager:GetFloat (StatManager/Stat) (at Assets/Scripts/StatManager.cs:169)
PersonBehaviour:Update () (at Assets/Scripts/PersonBehaviour.cs:325)


32.61 [WARNING] Attempt to call SteamWorks API before initialisation
	UnityEngine.Debug:LogWarning (object)
StatManager:SteamManagerCheck () (at Assets/Scripts/StatManager.cs:76)
StatManager:GetFloat (StatManager/Stat) (at Assets/Scripts/StatManager.cs:169)
PersonBehaviour:Update () (at Assets/Scripts/PersonBehaviour.cs:325)


32.62 [WARNING] Attempt to call SteamWorks API before initialisation
	UnityEngine.Debug:LogWarning (object)
StatManager:SteamManagerCheck () (at Assets/Scripts/StatManager.cs:76)
StatManager:GetFloat (StatManager/Stat) (at Assets/Scripts/StatManager.cs:169)
PersonBehaviour:Update () (at Assets/Scripts/PersonBehaviour.cs:325)


32.63 [WARNING] Attempt to call SteamWorks API before initialisation
	UnityEngine.Debug:LogWarning (object)
StatManager:SteamManagerCheck () (at Assets/Scripts/StatManager.cs:76)
StatManager:GetFloat (StatManager/Stat) (at Assets/Scripts/StatManager.cs:169)
PersonBehaviour:Update () (at Assets/Scripts/PersonBehaviour.cs:325)


32.64 [WARNING] Attempt to call SteamWorks API before initialisation
	UnityEngine.Debug:LogWarning (object)
StatManager:SteamManagerCheck () (at Assets/Scripts/StatManager.cs:76)
StatManager:GetFloat (StatManager/Stat) (at Assets/Scripts/StatManager.cs:169)
PersonBehaviour:Update () (at Assets/Scripts/PersonBehaviour.cs:325)


32.65 [WARNING] Attempt to call SteamWorks API before initialisation
	UnityEngine.Debug:LogWarning (object)
StatManager:SteamManagerCheck () (at Assets/Scripts/StatManager.cs:76)
StatManager:GetFloat (StatManager/Stat) (at Assets/Scripts/StatManager.cs:169)
PersonBehaviour:Update () (at Assets/Scripts/PersonBehaviour.cs:325)


32.66 [WARNING] Attempt to call SteamWorks API before initialisation
	UnityEngine.Debug:LogWarning (object)
StatManager:SteamManagerCheck () (at Assets/Scripts/StatManager.cs:76)
StatManager:GetFloat (StatManager/Stat) (at Assets/Scripts/StatManager.cs:169)
PersonBehaviour:Update () (at Assets/Scripts/PersonBehaviour.cs:325)


32.67 [WARNING] Attempt to call SteamWorks API before initialisation
	UnityEngine.Debug:LogWarning (object)
StatManager:SteamManagerCheck () (at Assets/Scripts/StatManager.cs:76)
StatManager:GetFloat (StatManager/Stat) (at Assets/Scripts/StatManager.cs:169)
PersonBehaviour:Update () (at Assets/Scripts/PersonBehaviour.cs:325)


32.69 [WARNING] Attempt to call SteamWorks API before initialisation
	UnityEngine.Debug:LogWarning (object)
StatManager:SteamManagerCheck () (at Assets/Scripts/StatManager.cs:76)
StatManager:GetFloat (StatManager/Stat) (at Assets/Scripts/StatManager.cs:169)
PersonBehaviour:Update () (at Assets/Scripts/PersonBehaviour.cs:325)


32.7 [WARNING] Attempt to call SteamWorks API before initialisation
	UnityEngine.Debug:LogWarning (object)
StatManager:SteamManagerCheck () (at Assets/Scripts/StatManager.cs:76)
StatManager:GetFloat (StatManager/Stat) (at Assets/Scripts/StatManager.cs:169)
PersonBehaviour:Update () (at Assets/Scripts/PersonBehaviour.cs:325)


32.71 [WARNING] Attempt to call SteamWorks API before initialisation
	UnityEngine.Debug:LogWarning (object)
StatManager:SteamManagerCheck () (at Assets/Scripts/StatManager.cs:76)
StatManager:GetFloat (StatManager/Stat) (at Assets/Scripts/StatManager.cs:169)
PersonBehaviour:Update () (at Assets/Scripts/PersonBehaviour.cs:325)


32.73 [WARNING] Attempt to call SteamWorks API before initialisation
	UnityEngine.Debug:LogWarning (object)
StatManager:SteamManagerCheck () (at Assets/Scripts/StatManager.cs:76)
StatManager:GetFloat (StatManager/Stat) (at Assets/Scripts/StatManager.cs:169)
PersonBehaviour:Update () (at Assets/Scripts/PersonBehaviour.cs:325)


32.75 [WARNING] Attempt to call SteamWorks API before initialisation
	UnityEngine.Debug:LogWarning (object)
StatManager:SteamManagerCheck () (at Assets/Scripts/StatManager.cs:76)
StatManager:GetFloat (StatManager/Stat) (at Assets/Scripts/StatManager.cs:169)
PersonBehaviour:Update () (at Assets/Scripts/PersonBehaviour.cs:325)


32.78 [WARNING] Attempt to call SteamWorks API before initialisation
	UnityEngine.Debug:LogWarning (object)
StatManager:SteamManagerCheck () (at Assets/Scripts/StatManager.cs:76)
StatManager:GetFloat (StatManager/Stat) (at Assets/Scripts/StatManager.cs:169)
PersonBehaviour:Update () (at Assets/Scripts/PersonBehaviour.cs:325)


32.81 [WARNING] Attempt to call SteamWorks API before initialisation
	UnityEngine.Debug:LogWarning (object)
StatManager:SteamManagerCheck () (at Assets/Scripts/StatManager.cs:76)
StatManager:GetFloat (StatManager/Stat) (at Assets/Scripts/StatManager.cs:169)
PersonBehaviour:Update () (at Assets/Scripts/PersonBehaviour.cs:325)


32.81 [ERROR] Max stat failure count reached: stop trying :(
	UnityEngine.Debug:LogError (object)
StatManager:SteamManagerCheck () (at Assets/Scripts/StatManager.cs:79)
StatManager:GetFloat (StatManager/Stat) (at Assets/Scripts/StatManager.cs:169)
PersonBehaviour:Update () (at Assets/Scripts/PersonBehaviour.cs:325)


36.43 [LOG] Compiler client stopped and server terminated.
0 [ERROR] Could not load image /Users/soufianekhramez/Desktop/PP125 Project/Assets/Plugins/System.Runtime.CompilerServices.Unsafe.dll due to Invalid Section Aligmnent 1000
Run the peverify utility against this for more information.
0 [EXCEPTION] FileNotFoundException: Could not load file or assembly 'System.Runtime.CompilerServices.Unsafe, Version=4.0.4.1, Culture=neutral, PublicKeyToken=b03f5f7f11d50a3a' or one of its dependencies.
	Ceras.CerasSerializer.Serialize[T] (T obj) (at <077a6b5cd8cc466399b104680bf19c16>:0)
NonSteamStatManager.SaveToFile (System.String path) (at Assets/Scripts/NonSteamStatManager.cs:74)
Global.OnDestroy () (at Assets/Scripts/Global.cs:696)


