260.85 [LOG] Action drag is in universe All
260.85 [LOG] Action delete is in universe All
260.85 [LOG] Action activateDirect is in universe Game
260.85 [LOG] Action slowmo is in universe Game
260.85 [LOG] Action toggleLimbStatus is in universe Game
260.85 [LOG] Action time is in universe Game
260.85 [LOG] Action tool1 is in universe Game
260.85 [LOG] Action tool2 is in universe Game
260.85 [LOG] Action tool3 is in universe Game
260.85 [LOG] Action tool4 is in universe Game
260.85 [LOG] Action tool5 is in universe Game
260.85 [LOG] Action tool6 is in universe Game
260.85 [LOG] Action tool7 is in universe Game
260.85 [LOG] Action tool8 is in universe Game
260.85 [LOG] Action tool9 is in universe Game
260.85 [LOG] Action spawnLeft is in universe Game
260.85 [LOG] Action spawnRight is in universe Game
260.85 [LOG] Action left is in universe All
260.85 [LOG] Action right is in universe All
260.85 [LOG] Action fast is in universe All
260.85 [LOG] Action undo is in universe All
260.85 [LOG] Action snap is in universe All
260.85 [LOG] Action snapToCenter is in universe Game
260.85 [LOG] Action copy is in universe All
260.85 [LOG] Action paste is in universe All
260.85 [LOG] Action context is in universe All
260.85 [LOG] Action igniteSelection is in universe Game
260.85 [LOG] Action freezeSelection is in universe Game
260.85 [LOG] Action resizeSelection is in universe Game
260.85 [LOG] Action toggleThermalVision is in universe Game
260.85 [LOG] Action eyedrop is in universe All
260.85 [LOG] Action pause is in universe All
260.85 [LOG] Action toybox is in universe All
260.85 [LOG] Action toolPowerToggle is in universe Game
260.85 [LOG] Action toggleHoveringHighlights is in universe Game
260.85 [LOG] Action pan is in universe All
260.85 [LOG] Action panRight is in universe All
260.85 [LOG] Action panLeft is in universe All
260.85 [LOG] Action panUp is in universe All
260.85 [LOG] Action panDown is in universe All
260.85 [LOG] Action zoomIn is in universe All
260.85 [LOG] Action zoomOut is in universe All
260.85 [LOG] {
  "CollisionQuality": 2,
  "StopAnimationOnDamage": false,
  "DropOnDeath": true,
  "ShakeIntensity": 1.0,
  "ShowOutlines": true,
  "SlowMotionSpeed": 20.0,
  "AmbientTemperatureTransfer": false,
  "PhysicsIterations": 16,
  "ShowModLoadingFreeze": true,
  "RejectShadyCode": true,
  "MaxModCompilationTime": 30,
  "GorelessMode": false,
  "LimbCrushing": true,
  "LimbOverflowExplosion": false,
  "GoreMode": 0,
  "AutoHealWounds": true,
  "ChunkyShotParticles": true,
  "DismembermentLooseTissue": true,
  "CrushForceMultiplier": 1.0,
  "BloomMode": 2,
  "TracerBullets": true,
  "FancyEffects": true,
  "Decals": true,
  "Lighting": true,
  "MasterVolume": 1.0,
  "SfxVolume": 1.0,
  "UserInterfaceVolume": 1.0,
  "AmbienceVolume": 1.0,
  "AmbienceHighpassCutoff": 90.0,
  "ClampVolume": true,
  "DistantSoundEffects": true,
  "LogDebugMessages": false,
  "ShowFramerate": false,
  "ZoomSensitivity": 1.0,
  "ThermalVisionUpdateRate": 25,
  "DeleteWireByContextMenu": true,
  "TemperatureUnit": 0,
  "VSync": false,
  "SMAA": false,
  "TonemappingMode": 0,
  "Brightness": 100.0,
  "RenderScale": 1.0,
  "FramerateLimit": 144,
  "SimplifiedBackground": false,
  "WindowMode": 1,
  "Resolution": null,
  "ShowTutorial": false,
  "ToyboxSizeOffset": 483.6
}
260.85 [WARNING] Exposed name does not exist: master
	UnityEngine.StackTraceUtility:ExtractStackTrace ()
MixerControllerBehaviour:Sync () (at Assets/Scripts/MixerControllerBehaviour.cs:29)
MixerControllerBehaviour:Start () (at Assets/Scripts/MixerControllerBehaviour.cs:38)


260.85 [WARNING] Exposed name does not exist: sfx
	UnityEngine.StackTraceUtility:ExtractStackTrace ()
MixerControllerBehaviour:Sync () (at Assets/Scripts/MixerControllerBehaviour.cs:30)
MixerControllerBehaviour:Start () (at Assets/Scripts/MixerControllerBehaviour.cs:38)


260.85 [WARNING] Exposed name does not exist: userInterface
	UnityEngine.StackTraceUtility:ExtractStackTrace ()
MixerControllerBehaviour:Sync () (at Assets/Scripts/MixerControllerBehaviour.cs:31)
MixerControllerBehaviour:Start () (at Assets/Scripts/MixerControllerBehaviour.cs:38)


260.85 [WARNING] Exposed name does not exist: ambience
	UnityEngine.StackTraceUtility:ExtractStackTrace ()
MixerControllerBehaviour:Sync () (at Assets/Scripts/MixerControllerBehaviour.cs:32)
MixerControllerBehaviour:Start () (at Assets/Scripts/MixerControllerBehaviour.cs:38)


260.85 [WARNING] Exposed name does not exist: cracking_threshold
	UnityEngine.StackTraceUtility:ExtractStackTrace ()
MixerControllerBehaviour:Sync () (at Assets/Scripts/MixerControllerBehaviour.cs:33)
MixerControllerBehaviour:Start () (at Assets/Scripts/MixerControllerBehaviour.cs:38)


283.75 [LOG] Compiler client stopped and server terminated.
283.75 [LOG] Compiler client stopped and server terminated.
